[non-job]: 2020-03-30 16:28:03 INFO - Starting execution.
[non-job]: 2020-03-30 16:28:03 INFO - Version: "Collector" version is undefined.
[non-job]: 2020-03-30 16:28:03 INFO - Version: Norconex Collector Core 1.10.0 (Norconex Inc.)
[non-job]: 2020-03-30 16:28:03 INFO - Version: Norconex Importer 2.10.0 (Norconex Inc.)
[non-job]: 2020-03-30 16:28:03 INFO - Version: Norconex JEF 4.1.2 (Norconex Inc.)
[non-job]: 2020-03-30 16:28:03 INFO - Version: Norconex Committer Core 2.1.2 (Norconex Inc.)
test-crawler: 2020-03-30 16:28:03 INFO - Running test-crawler: BEGIN (Mon Mar 30 16:28:03 BST 2020)
test-crawler: 2020-03-30 16:28:03 ERROR - Execution failed for job: test-crawler
com.norconex.collector.core.CollectorException: Cannot create working directory: 
	at com.norconex.collector.core.crawler.AbstractCrawler.doExecute(AbstractCrawler.java:199)
	at com.norconex.collector.core.crawler.AbstractCrawler.startExecution(AbstractCrawler.java:184)
	at com.norconex.jef4.job.AbstractResumableJob.execute(AbstractResumableJob.java:49)
	at com.norconex.jef4.suite.JobSuite.runJob(JobSuite.java:354)
	at com.norconex.jef4.suite.JobSuite.doExecute(JobSuite.java:293)
	at com.norconex.jef4.suite.JobSuite.execute(JobSuite.java:166)
	at com.norconex.collector.core.AbstractCollector.start(AbstractCollector.java:150)
	at uk.ac.susx.tag.norconex.TestBasicCollector.testBasicCollector(TestBasicCollector.java:29)
	at sun.reflect.NativeMethodAccessorImpl.invoke0(Native Method)
	at sun.reflect.NativeMethodAccessorImpl.invoke(NativeMethodAccessorImpl.java:62)
	at sun.reflect.DelegatingMethodAccessorImpl.invoke(DelegatingMethodAccessorImpl.java:43)
	at java.lang.reflect.Method.invoke(Method.java:498)
	at org.junit.runners.model.FrameworkMethod$1.runReflectiveCall(FrameworkMethod.java:50)
	at org.junit.internal.runners.model.ReflectiveCallable.run(ReflectiveCallable.java:12)
	at org.junit.runners.model.FrameworkMethod.invokeExplosively(FrameworkMethod.java:47)
	at org.junit.internal.runners.statements.InvokeMethod.evaluate(InvokeMethod.java:17)
	at org.junit.runners.ParentRunner.runLeaf(ParentRunner.java:325)
	at org.junit.runners.BlockJUnit4ClassRunner.runChild(BlockJUnit4ClassRunner.java:78)
	at org.junit.runners.BlockJUnit4ClassRunner.runChild(BlockJUnit4ClassRunner.java:57)
	at org.junit.runners.ParentRunner$3.run(ParentRunner.java:290)
	at org.junit.runners.ParentRunner$1.schedule(ParentRunner.java:71)
	at org.junit.runners.ParentRunner.runChildren(ParentRunner.java:288)
	at org.junit.runners.ParentRunner.access$000(ParentRunner.java:58)
	at org.junit.runners.ParentRunner$2.evaluate(ParentRunner.java:268)
	at org.junit.runners.ParentRunner.run(ParentRunner.java:363)
	at org.junit.runner.JUnitCore.run(JUnitCore.java:137)
	at com.intellij.junit4.JUnit4IdeaTestRunner.startRunnerWithArgs(JUnit4IdeaTestRunner.java:68)
	at com.intellij.rt.execution.junit.IdeaTestRunner$Repeater.startRunnerWithArgs(IdeaTestRunner.java:47)
	at com.intellij.rt.execution.junit.JUnitStarter.prepareStreamsAndStart(JUnitStarter.java:242)
	at com.intellij.rt.execution.junit.JUnitStarter.main(JUnitStarter.java:70)
Caused by: java.io.IOException: Unable to create directory 
	at org.apache.commons.io.FileUtils.forceMkdir(FileUtils.java:2384)
	at com.norconex.collector.core.crawler.AbstractCrawler.doExecute(AbstractCrawler.java:196)
	... 29 more
test-crawler: 2020-03-30 16:28:03 INFO - Running test-crawler: END (Mon Mar 30 16:28:03 BST 2020)
